#
# There is insufficient memory for the Java Runtime Environment to continue.
# Native memory allocation (malloc) failed to allocate 33554448 bytes for Chunk::new
# Possible reasons:
#   The system is out of physical RAM or swap space
#   In 32 bit mode, the process size limit was hit
# Possible solutions:
#   Reduce memory load on the system
#   Increase physical memory or swap space
#   Check if swap backing store is full
#   Use 64 bit Java on a 64 bit OS
#   Decrease Java heap size (-Xmx/-Xms)
#   Decrease number of Java threads
#   Decrease Java thread stack sizes (-Xss)
#   Set larger code cache with -XX:ReservedCodeCacheSize=
# This output file may be truncated or incomplete.
#
#  Out of Memory Error (allocation.cpp:390), pid=5944, tid=9740
#
# JRE version: Java(TM) SE Runtime Environment (8.0_31-b13) (build 1.8.0_31-b13)
# Java VM: Java HotSpot(TM) 64-Bit Server VM (25.31-b07 mixed mode windows-amd64 compressed oops)
# Failed to write core dump. Minidumps are not enabled by default on client versions of Windows
#

---------------  T H R E A D  ---------------

Current thread (0x00000000550be800):  JavaThread "C2 CompilerThread1" daemon [_thread_in_native, id=9740, stack(0x0000000056e60000,0x0000000056f60000)]

Stack: [0x0000000056e60000,0x0000000056f60000]
Native frames: (J=compiled Java code, j=interpreted, Vv=VM code, C=native code)
V  [jvm.dll+0x3169ba]
V  [jvm.dll+0x2674c3]
V  [jvm.dll+0x268103]
V  [jvm.dll+0x25f8f5]
V  [jvm.dll+0xbf025]
V  [jvm.dll+0xbf4cc]
V  [jvm.dll+0x431938]
V  [jvm.dll+0x45f9c0]
V  [jvm.dll+0x45fc7a]
V  [jvm.dll+0x460b5f]
V  [jvm.dll+0x462c21]
V  [jvm.dll+0x465055]
V  [jvm.dll+0x4659dc]
V  [jvm.dll+0x465d23]
V  [jvm.dll+0x452b83]
V  [jvm.dll+0x454124]
V  [jvm.dll+0x437c62]
V  [jvm.dll+0x988e2]
V  [jvm.dll+0x990d3]
V  [jvm.dll+0x22c194]
V  [jvm.dll+0x28576a]
C  [msvcr100.dll+0x21d9f]
C  [msvcr100.dll+0x21e3b]
C  [kernel32.dll+0x159ed]
C  [ntdll.dll+0x2b371]


Current CompileTask:
C2:   7359 1989   !   4       com.android.dx.cf.code.Ropper::processBlock (1101 bytes)


---------------  P R O C E S S  ---------------

Java Threads: ( => current thread )
  0x000000005643f000 JavaThread "Service Thread" daemon [_thread_blocked, id=10032, stack(0x00000000570e0000,0x00000000571e0000)]
  0x00000000563de000 JavaThread "C1 CompilerThread2" daemon [_thread_blocked, id=8200, stack(0x0000000056f90000,0x0000000057090000)]
=>0x00000000550be800 JavaThread "C2 CompilerThread1" daemon [_thread_in_native, id=9740, stack(0x0000000056e60000,0x0000000056f60000)]
  0x00000000550bc000 JavaThread "C2 CompilerThread0" daemon [_thread_blocked, id=1572, stack(0x0000000056c60000,0x0000000056d60000)]
  0x00000000563ab000 JavaThread "Attach Listener" daemon [_thread_blocked, id=9760, stack(0x0000000056a40000,0x0000000056b40000)]
  0x0000000055054800 JavaThread "Finalizer" daemon [_thread_blocked, id=5368, stack(0x00000000562a0000,0x00000000563a0000)]
  0x000000005504b800 JavaThread "Reference Handler" daemon [_thread_blocked, id=6396, stack(0x0000000056150000,0x0000000056250000)]

Other Threads:
  0x0000000055048000 VMThread [stack: 0x0000000055fb0000,0x00000000560b0000] [id=9720]

VM state:at safepoint (normal execution)

VM Mutex/Monitor currently owned by a thread:  ([mutex/lock_event])
[0x000000000017c2b0] Threads_lock - owner thread: 0x0000000055048000
[0x000000000017c7b0] Heap_lock - owner thread: 0x000000000017e000

Heap:
 PSYoungGen      total 138240K, used 131685K [0x00000000eab00000, 0x00000000fe400000, 0x0000000100000000)
  eden space 133120K, 95% used [0x00000000eab00000,0x00000000f269ef50,0x00000000f2d00000)
  from space 5120K, 99% used [0x00000000f2d00000,0x00000000f31fa878,0x00000000f3200000)
  to   space 27136K, 0% used [0x00000000fc980000,0x00000000fc980000,0x00000000fe400000)
 ParOldGen       total 87552K, used 47850K [0x00000000c0000000, 0x00000000c5580000, 0x00000000eab00000)
  object space 87552K, 54% used [0x00000000c0000000,0x00000000c2ebaa08,0x00000000c5580000)
 Metaspace       used 6935K, capacity 7672K, committed 7936K, reserved 1056768K
  class space    used 639K, capacity 688K, committed 768K, reserved 1048576K

Card table byte_map: [0x0000000011a90000,0x0000000011ca0000] byte_map_base: 0x0000000011490000

Marking Bits: (ParMarkBitMap*) 0x000000005bb0d4f0
 Begin Bits: [0x00000000124c0000, 0x00000000134c0000)
 End Bits:   [0x00000000134c0000, 0x00000000144c0000)

Polling page: 0x0000000000160000

CodeCache: size=245760Kb used=10302Kb max_used=10302Kb free=235457Kb
 bounds [0x00000000026d0000, 0x00000000030f0000, 0x00000000116d0000]
 total_blobs=2809 nmethods=2537 adapters=185
 compilation: enabled

Compilation events (10 events):
Event: 4.976 Thread 0x00000000563de000 2608       2       java.io.FileOutputStream::write (12 bytes)
Event: 4.977 Thread 0x00000000563de000 nmethod 2608 0x00000000030e2c50 code [0x00000000030e2dc0, 0x00000000030e2f28]
Event: 4.977 Thread 0x00000000563de000 2610       2       java.util.zip.Deflater::needsInput (13 bytes)
Event: 4.977 Thread 0x00000000563de000 nmethod 2610 0x00000000030e3350 code [0x00000000030e34a0, 0x00000000030e3610]
Event: 4.977 Thread 0x00000000563de000 2611       2       java.util.zip.DeflaterOutputStream::deflate (36 bytes)
Event: 4.977 Thread 0x00000000563de000 nmethod 2611 0x00000000030e3690 code [0x00000000030e3800, 0x00000000030e39d8]
Event: 4.984 Thread 0x00000000563de000 2613       1       java.util.zip.ZStreamRef::address (5 bytes)
Event: 4.984 Thread 0x00000000563de000 nmethod 2613 0x00000000030e3ed0 code [0x00000000030e4020, 0x00000000030e4130]
Event: 4.985 Thread 0x00000000563de000 2614   !   2       java.util.zip.Deflater::deflate (140 bytes)
Event: 4.985 Thread 0x00000000563de000 nmethod 2614 0x00000000030e4190 code [0x00000000030e4340, 0x00000000030e48c8]

GC Heap History (10 events):
Event: 1.233 GC heap before
{Heap before GC invocations=1 (full 0):
 PSYoungGen      total 38400K, used 33280K [0x00000000eab00000, 0x00000000ed580000, 0x0000000100000000)
  eden space 33280K, 100% used [0x00000000eab00000,0x00000000ecb80000,0x00000000ecb80000)
  from space 5120K, 0% used [0x00000000ed080000,0x00000000ed080000,0x00000000ed580000)
  to   space 5120K, 0% used [0x00000000ecb80000,0x00000000ecb80000,0x00000000ed080000)
 ParOldGen       total 87552K, used 0K [0x00000000c0000000, 0x00000000c5580000, 0x00000000eab00000)
  object space 87552K, 0% used [0x00000000c0000000,0x00000000c0000000,0x00000000c5580000)
 Metaspace       used 5780K, capacity 6960K, committed 7040K, reserved 1056768K
  class space    used 556K, capacity 616K, committed 640K, reserved 1048576K
Event: 1.514 GC heap after
Heap after GC invocations=1 (full 0):
 PSYoungGen      total 38400K, used 5103K [0x00000000eab00000, 0x00000000ef600000, 0x0000000100000000)
  eden space 33280K, 0% used [0x00000000eab00000,0x00000000eab00000,0x00000000ecb80000)
  from space 5120K, 99% used [0x00000000ecb80000,0x00000000ed07bc98,0x00000000ed080000)
  to   space 5120K, 0% used [0x00000000ef100000,0x00000000ef100000,0x00000000ef600000)
 ParOldGen       total 87552K, used 1910K [0x00000000c0000000, 0x00000000c5580000, 0x00000000eab00000)
  object space 87552K, 2% used [0x00000000c0000000,0x00000000c01dd880,0x00000000c5580000)
 Metaspace       used 5780K, capacity 6960K, committed 7040K, reserved 1056768K
  class space    used 556K, capacity 616K, committed 640K, reserved 1048576K
}
Event: 1.812 GC heap before
{Heap before GC invocations=2 (full 0):
 PSYoungGen      total 38400K, used 38383K [0x00000000eab00000, 0x00000000ef600000, 0x0000000100000000)
  eden space 33280K, 100% used [0x00000000eab00000,0x00000000ecb80000,0x00000000ecb80000)
  from space 5120K, 99% used [0x00000000ecb80000,0x00000000ed07bc98,0x00000000ed080000)
  to   space 5120K, 0% used [0x00000000ef100000,0x00000000ef100000,0x00000000ef600000)
 ParOldGen       total 87552K, used 1910K [0x00000000c0000000, 0x00000000c5580000, 0x00000000eab00000)
  object space 87552K, 2% used [0x00000000c0000000,0x00000000c01dd880,0x00000000c5580000)
 Metaspace       used 5913K, capacity 7088K, committed 7296K, reserved 1056768K
  class space    used 558K, capacity 616K, committed 640K, reserved 1048576K
Event: 1.843 GC heap after
Heap after GC invocations=2 (full 0):
 PSYoungGen      total 71680K, used 5117K [0x00000000eab00000, 0x00000000ef600000, 0x0000000100000000)
  eden space 66560K, 0% used [0x00000000eab00000,0x00000000eab00000,0x00000000eec00000)
  from space 5120K, 99% used [0x00000000ef100000,0x00000000ef5ff6d0,0x00000000ef600000)
  to   space 5120K, 0% used [0x00000000eec00000,0x00000000eec00000,0x00000000ef100000)
 ParOldGen       total 87552K, used 6842K [0x00000000c0000000, 0x00000000c5580000, 0x00000000eab00000)
  object space 87552K, 7% used [0x00000000c0000000,0x00000000c06ae8f8,0x00000000c5580000)
 Metaspace       used 5913K, capacity 7088K, committed 7296K, reserved 1056768K
  class space    used 558K, capacity 616K, committed 640K, reserved 1048576K
}
Event: 2.467 GC heap before
{Heap before GC invocations=3 (full 0):
 PSYoungGen      total 71680K, used 71677K [0x00000000eab00000, 0x00000000ef600000, 0x0000000100000000)
  eden space 66560K, 100% used [0x00000000eab00000,0x00000000eec00000,0x00000000eec00000)
  from space 5120K, 99% used [0x00000000ef100000,0x00000000ef5ff6d0,0x00000000ef600000)
  to   space 5120K, 0% used [0x00000000eec00000,0x00000000eec00000,0x00000000ef100000)
 ParOldGen       total 87552K, used 6842K [0x00000000c0000000, 0x00000000c5580000, 0x00000000eab00000)
  object space 87552K, 7% used [0x00000000c0000000,0x00000000c06ae8f8,0x00000000c5580000)
 Metaspace       used 5950K, capacity 7088K, committed 7296K, reserved 1056768K
  class space    used 559K, capacity 616K, committed 640K, reserved 1048576K
Event: 2.501 GC heap after
Heap after GC invocations=3 (full 0):
 PSYoungGen      total 71680K, used 5103K [0x00000000eab00000, 0x00000000f3700000, 0x0000000100000000)
  eden space 66560K, 0% used [0x00000000eab00000,0x00000000eab00000,0x00000000eec00000)
  from space 5120K, 99% used [0x00000000eec00000,0x00000000ef0fbd48,0x00000000ef100000)
  to   space 5120K, 0% used [0x00000000f3200000,0x00000000f3200000,0x00000000f3700000)
 ParOldGen       total 87552K, used 16556K [0x00000000c0000000, 0x00000000c5580000, 0x00000000eab00000)
  object space 87552K, 18% used [0x00000000c0000000,0x00000000c102b180,0x00000000c5580000)
 Metaspace       used 5950K, capacity 7088K, committed 7296K, reserved 1056768K
  class space    used 559K, capacity 616K, committed 640K, reserved 1048576K
}
Event: 3.522 GC heap before
{Heap before GC invocations=4 (full 0):
 PSYoungGen      total 71680K, used 71663K [0x00000000eab00000, 0x00000000f3700000, 0x0000000100000000)
  eden space 66560K, 100% used [0x00000000eab00000,0x00000000eec00000,0x00000000eec00000)
  from space 5120K, 99% used [0x00000000eec00000,0x00000000ef0fbd48,0x00000000ef100000)
  to   space 5120K, 0% used [0x00000000f3200000,0x00000000f3200000,0x00000000f3700000)
 ParOldGen       total 87552K, used 16556K [0x00000000c0000000, 0x00000000c5580000, 0x00000000eab00000)
  object space 87552K, 18% used [0x00000000c0000000,0x00000000c102b180,0x00000000c5580000)
 Metaspace       used 6010K, capacity 7152K, committed 7296K, reserved 1056768K
  class space    used 560K, capacity 616K, committed 640K, reserved 1048576K
Event: 3.550 GC heap after
Heap after GC invocations=4 (full 0):
 PSYoungGen      total 138240K, used 5098K [0x00000000eab00000, 0x00000000f3700000, 0x0000000100000000)
  eden space 133120K, 0% used [0x00000000eab00000,0x00000000eab00000,0x00000000f2d00000)
  from space 5120K, 99% used [0x00000000f3200000,0x00000000f36fa8a0,0x00000000f3700000)
  to   space 5120K, 0% used [0x00000000f2d00000,0x00000000f2d00000,0x00000000f3200000)
 ParOldGen       total 87552K, used 26844K [0x00000000c0000000, 0x00000000c5580000, 0x00000000eab00000)
  object space 87552K, 30% used [0x00000000c0000000,0x00000000c1a37050,0x00000000c5580000)
 Metaspace       used 6010K, capacity 7152K, committed 7296K, reserved 1056768K
  class space    used 560K, capacity 616K, committed 640K, reserved 1048576K
}
Event: 4.006 GC heap before
{Heap before GC invocations=5 (full 0):
 PSYoungGen      total 138240K, used 138218K [0x00000000eab00000, 0x00000000f3700000, 0x0000000100000000)
  eden space 133120K, 100% used [0x00000000eab00000,0x00000000f2d00000,0x00000000f2d00000)
  from space 5120K, 99% used [0x00000000f3200000,0x00000000f36fa8a0,0x00000000f3700000)
  to   space 5120K, 0% used [0x00000000f2d00000,0x00000000f2d00000,0x00000000f3200000)
 ParOldGen       total 87552K, used 26844K [0x00000000c0000000, 0x00000000c5580000, 0x00000000eab00000)
  object space 87552K, 30% used [0x00000000c0000000,0x00000000c1a37050,0x00000000c5580000)
 Metaspace       used 6023K, capacity 7152K, committed 7296K, reserved 1056768K
  class space    used 560K, capacity 616K, committed 640K, reserved 1048576K
Event: 4.044 GC heap after
Heap after GC invocations=5 (full 0):
 PSYoungGen      total 138240K, used 5098K [0x00000000eab00000, 0x00000000fe400000, 0x0000000100000000)
  eden space 133120K, 0% used [0x00000000eab00000,0x00000000eab00000,0x00000000f2d00000)
  from space 5120K, 99% used [0x00000000f2d00000,0x00000000f31fa878,0x00000000f3200000)
  to   space 27136K, 0% used [0x00000000fc980000,0x00000000fc980000,0x00000000fe400000)
 ParOldGen       total 87552K, used 47850K [0x00000000c0000000, 0x00000000c5580000, 0x00000000eab00000)
  object space 87552K, 54% used [0x00000000c0000000,0x00000000c2ebaa08,0x00000000c5580000)
 Metaspace       used 6023K, capacity 7152K, committed 7296K, reserved 1056768K
  class space    used 560K, capacity 616K, committed 640K, reserved 1048576K
}

Deoptimization events (10 events):
Event: 4.341 Thread 0x000000000017e000 Uncommon trap: reason=bimorphic action=maybe_recompile pc=0x0000000002f14998 method=java.util.HashMap.putVal(ILjava/lang/Object;Ljava/lang/Object;ZZ)Ljava/lang/Object; @ 203
Event: 4.349 Thread 0x000000000017e000 Uncommon trap: reason=class_check action=maybe_recompile pc=0x0000000002b5e000 method=java.util.Arrays.hashCode([Ljava/lang/Object;)I @ 43
Event: 4.349 Thread 0x000000000017e000 Uncommon trap: reason=class_check action=maybe_recompile pc=0x0000000002b5e000 method=java.util.Arrays.hashCode([Ljava/lang/Object;)I @ 43
Event: 4.349 Thread 0x000000000017e000 Uncommon trap: reason=class_check action=maybe_recompile pc=0x0000000002b5e000 method=java.util.Arrays.hashCode([Ljava/lang/Object;)I @ 43
Event: 4.349 Thread 0x000000000017e000 Uncommon trap: reason=class_check action=maybe_recompile pc=0x0000000002b5e000 method=java.util.Arrays.hashCode([Ljava/lang/Object;)I @ 43
Event: 4.537 Thread 0x000000000017e000 Uncommon trap: reason=speculate_class_check action=maybe_recompile pc=0x0000000002acc3ac method=com.android.dx.util.FixedSizeList.equals(Ljava/lang/Object;)Z @ 25
Event: 4.537 Thread 0x000000000017e000 Uncommon trap: reason=speculate_class_check action=maybe_recompile pc=0x0000000002acc3ac method=com.android.dx.util.FixedSizeList.equals(Ljava/lang/Object;)Z @ 25
Event: 4.537 Thread 0x000000000017e000 Uncommon trap: reason=speculate_class_check action=maybe_recompile pc=0x0000000002acc3ac method=com.android.dx.util.FixedSizeList.equals(Ljava/lang/Object;)Z @ 25
Event: 4.537 Thread 0x000000000017e000 Uncommon trap: reason=speculate_class_check action=maybe_recompile pc=0x0000000002acc3ac method=com.android.dx.util.FixedSizeList.equals(Ljava/lang/Object;)Z @ 25
Event: 4.932 Thread 0x000000000017e000 Uncommon trap: reason=unreached action=reinterpret pc=0x0000000002a11068 method=java.util.Arrays.copyOf([Ljava/lang/Object;ILjava/lang/Class;)[Ljava/lang/Object; @ 3

Internal exceptions (10 events):
Event: 4.537 Thread 0x000000000017e000 Exception <a 'java/security/PrivilegedActionException'> (0x00000000f0ed2d08) thrown at [C:\workspace\8-2-build-windows-amd64-cygwin\jdk8u31\2394\hotspot\src\share\vm\prims\jvm.cpp, line 1312]
Event: 4.537 Thread 0x000000000017e000 Exception <a 'java/security/PrivilegedActionException'> (0x00000000f0ed6388) thrown at [C:\workspace\8-2-build-windows-amd64-cygwin\jdk8u31\2394\hotspot\src\share\vm\prims\jvm.cpp, line 1312]
Event: 4.561 Thread 0x000000000017e000 Exception <a 'java/security/PrivilegedActionException'> (0x00000000f0ef73b8) thrown at [C:\workspace\8-2-build-windows-amd64-cygwin\jdk8u31\2394\hotspot\src\share\vm\prims\jvm.cpp, line 1312]
Event: 4.747 Thread 0x000000000017e000 Exception <a 'java/security/PrivilegedActionException'> (0x00000000f1aac748) thrown at [C:\workspace\8-2-build-windows-amd64-cygwin\jdk8u31\2394\hotspot\src\share\vm\prims\jvm.cpp, line 1312]
Event: 4.748 Thread 0x000000000017e000 Exception <a 'java/security/PrivilegedActionException'> (0x00000000f1ab85e0) thrown at [C:\workspace\8-2-build-windows-amd64-cygwin\jdk8u31\2394\hotspot\src\share\vm\prims\jvm.cpp, line 1312]
Event: 4.748 Thread 0x000000000017e000 Exception <a 'java/security/PrivilegedActionException'> (0x00000000f1abb3d0) thrown at [C:\workspace\8-2-build-windows-amd64-cygwin\jdk8u31\2394\hotspot\src\share\vm\prims\jvm.cpp, line 1312]
Event: 4.790 Thread 0x000000000017e000 Exception <a 'java/security/PrivilegedActionException'> (0x00000000f21c7d78) thrown at [C:\workspace\8-2-build-windows-amd64-cygwin\jdk8u31\2394\hotspot\src\share\vm\prims\jvm.cpp, line 1312]
Event: 4.810 Thread 0x000000000017e000 Exception <a 'java/security/PrivilegedActionException'> (0x00000000f238c5b0) thrown at [C:\workspace\8-2-build-windows-amd64-cygwin\jdk8u31\2394\hotspot\src\share\vm\prims\jvm.cpp, line 1312]
Event: 4.819 Thread 0x000000000017e000 Exception <a 'java/security/PrivilegedActionException'> (0x00000000f245aeb8) thrown at [C:\workspace\8-2-build-windows-amd64-cygwin\jdk8u31\2394\hotspot\src\share\vm\prims\jvm.cpp, line 1312]
Event: 4.903 Thread 0x000000000017e000 Exception <a 'java/security/PrivilegedActionException'> (0x00000000f2461c30) thrown at [C:\workspace\8-2-build-windows-amd64-cygwin\jdk8u31\2394\hotspot\src\share\vm\prims\jvm.cpp, line 1312]

Events (10 events):
Event: 5.001 loading class java/io/FileOutputStream$1
Event: 5.001 loading class java/io/FileOutputStream$1 done
Event: 5.002 Thread 0x000000000017e000 Thread exited: 0x000000000017e000
Event: 5.002 Thread 0x000000000017e000 Thread added: 0x000000000017e000
Event: 5.002 loading class java/lang/Shutdown
Event: 5.002 loading class java/lang/Shutdown done
Event: 5.002 loading class java/lang/Shutdown$Lock
Event: 5.002 loading class java/lang/Shutdown$Lock done
Event: 5.027 Thread 0x00000000563aa800 Thread exited: 0x00000000563aa800
Event: 5.028 Thread 0x000000000017e000 Thread exited: 0x000000000017e000


Dynamic libraries:
0x000000013f5f0000 - 0x000000013f624000 	C:\Program Files\Java\jdk1.8.0_31\bin\java.exe
0x00000000779b0000 - 0x0000000077b5a000 	C:\windows\SYSTEM32\ntdll.dll
0x0000000077790000 - 0x00000000778af000 	C:\windows\system32\kernel32.dll
0x000007fefd910000 - 0x000007fefd97b000 	C:\windows\system32\KERNELBASE.dll
0x000007feff910000 - 0x000007feff9eb000 	C:\windows\system32\ADVAPI32.dll
0x000007fefe420000 - 0x000007fefe4bf000 	C:\windows\system32\msvcrt.dll
0x000007fefdd00000 - 0x000007fefdd1f000 	C:\windows\SYSTEM32\sechost.dll
0x000007fefdf30000 - 0x000007fefe05d000 	C:\windows\system32\RPCRT4.dll
0x00000000778b0000 - 0x00000000779aa000 	C:\windows\system32\USER32.dll
0x000007feff4b0000 - 0x000007feff517000 	C:\windows\system32\GDI32.dll
0x000007fefe410000 - 0x000007fefe41e000 	C:\windows\system32\LPK.dll
0x000007feff7c0000 - 0x000007feff88a000 	C:\windows\system32\USP10.dll
0x000007fefbe00000 - 0x000007fefbff4000 	C:\windows\WinSxS\amd64_microsoft.windows.common-controls_6595b64144ccf1df_6.0.7601.18837_none_fa3b1e3d17594757\COMCTL32.dll
0x000007fefdd20000 - 0x000007fefdd91000 	C:\windows\system32\SHLWAPI.dll
0x000007feff2f0000 - 0x000007feff31e000 	C:\windows\system32\IMM32.DLL
0x000007fefe060000 - 0x000007fefe169000 	C:\windows\system32\MSCTF.dll
0x0000000065eb0000 - 0x0000000065f82000 	C:\Program Files\Java\jdk1.8.0_31\jre\bin\msvcr100.dll
0x000000005b330000 - 0x000000005bb8a000 	C:\Program Files\Java\jdk1.8.0_31\jre\bin\server\jvm.dll
0x000007fefc480000 - 0x000007fefc489000 	C:\windows\system32\WSOCK32.dll
0x000007fefde00000 - 0x000007fefde4d000 	C:\windows\system32\WS2_32.dll
0x000007fefe400000 - 0x000007fefe408000 	C:\windows\system32\NSI.dll
0x000007fefb5e0000 - 0x000007fefb61b000 	C:\windows\system32\WINMM.dll
0x0000000077b80000 - 0x0000000077b87000 	C:\windows\system32\PSAPI.DLL
0x000000006c790000 - 0x000000006c79f000 	C:\Program Files\Java\jdk1.8.0_31\jre\bin\verify.dll
0x000000006c320000 - 0x000000006c348000 	C:\Program Files\Java\jdk1.8.0_31\jre\bin\java.dll
0x000000006c4e0000 - 0x000000006c4f6000 	C:\Program Files\Java\jdk1.8.0_31\jre\bin\zip.dll
0x000007fefe4c0000 - 0x000007feff249000 	C:\windows\system32\SHELL32.dll
0x000007fefdaf0000 - 0x000007fefdcf3000 	C:\windows\system32\ole32.dll
0x000007fefd740000 - 0x000007fefd74f000 	C:\windows\system32\profapi.dll
0x000007feeb7d0000 - 0x000007feeb8f5000 	C:\windows\system32\dbghelp.dll

VM Arguments:
jvm_args: -Xmx1024M -Dfile.encoding=GBK -Duser.country=CN -Duser.language=zh -Duser.variant 
java_command: com.android.dx.command.Main --dex --output E:\hardPush\rtmp_streamer_for_android\rtmp_streamer_for_android-master\moonstoneandroid\app\build\intermediates\pre-dexed\debug\classes-2ce4aa33087e24f62ca9b50f3a5df9f8b0731b79.jar E:\hardPush\rtmp_streamer_for_android\rtmp_streamer_for_android-master\moonstoneandroid\app\build\intermediates\exploded-aar\com.android.support\support-v4\22.2.0\jars\classes.jar
java_class_path (initial): C:\Users\Administrator\AppData\Local\Android\sdk\build-tools\21.1.2\lib\dx.jar
Launcher Type: SUN_STANDARD

Environment Variables:
JAVA_HOME=C:\Program Files\Java\jdk1.8.0_31
CLASSPATH=.;C:\Program Files\Java\jdk1.8.0_31\lib;C:\Program Files\Java\jdk1.8.0_31\lib\tools.jar
PATH=C:\ProgramData\Oracle\Java\javapath;C:\Windows\system32;C:\Windows;C:\Windows\System32\Wbem;C:\Windows\System32\WindowsPowerShell\v1.0\;C:\Program Files (x86)\Windows7Master;C:\Program Files\Java\jdk1.8.0_31\bin;C:\Program Files\Java\jdk1.8.0_31\jre\bin;C:\Users\Administrator\AppData\Local\Android\sdk\platform-tools;C:\Program Files\TortoiseSVN\bin
USERNAME=Administrator
OS=Windows_NT
PROCESSOR_IDENTIFIER=Intel64 Family 6 Model 58 Stepping 9, GenuineIntel



---------------  S Y S T E M  ---------------

OS: Windows 7 , 64 bit Build 7601 Service Pack 1

CPU:total 4 (4 cores per cpu, 2 threads per core) family 6 model 58 stepping 9, cmov, cx8, fxsr, mmx, sse, sse2, sse3, ssse3, sse4.1, sse4.2, popcnt, avx, aes, clmul, erms, ht, tsc, tscinvbit, tscinv

Memory: 4k page, physical 8272432k(704020k free), swap 8270596k(24364k free)

vm_info: Java HotSpot(TM) 64-Bit Server VM (25.31-b07) for windows-amd64 JRE (1.8.0_31-b13), built on Dec 17 2014 21:00:28 by "java_re" with MS VC++ 10.0 (VS2010)

time: Wed Nov 23 15:59:07 2016
elapsed time: 7 seconds (0d 0h 0m 7s)

